<?xml version="1.0" encoding="UTF-8" standalone="yes" ?>
<!DOCTYPE boost_serialization>
<boost_serialization signature="serialization::archive" version="11">
<snapshots class_id="0" tracking_level="0" version="3">
	<parent class_id="1" tracking_level="0" version="0">
		<initialized>0</initialized>
	</parent>
	<current class_id="2" tracking_level="0" version="0">
		<tlogs class_id="3" tracking_level="0" version="0">
			<count>1</count>
			<item_version>1</item_version>
			<item class_id="4" tracking_level="0" version="1">
				<uuid class_id="5" tracking_level="0" version="0">
					<uuid>50bf97c7-2dc0-4f80-8e9d-3f7da51b39dd</uuid>
				</uuid>
				<written_to_dss>0</written_to_dss>
				<size>0</size>
			</item>
		</tlogs>
	</current>
	<snapshots class_id="6" tracking_level="0" version="0">
		<snapshots class_id="7" tracking_level="0" version="0">
			<count>3</count>
			<item_version>5</item_version>
			<item class_id="8" tracking_level="0" version="5">
				<tlogs>
					<tlogs>
						<count>5</count>
						<item_version>1</item_version>
						<item>
							<uuid>
								<uuid>270abbfe-44ae-457d-b3a2-d5e04a714ea2</uuid>
							</uuid>
							<written_to_dss>1</written_to_dss>
							<size>10485760</size>
						</item>
						<item>
							<uuid>
								<uuid>17477856-02db-492f-8621-8cc9b6633441</uuid>
							</uuid>
							<written_to_dss>1</written_to_dss>
							<size>10485760</size>
						</item>
						<item>
							<uuid>
								<uuid>66340352-2f75-44f7-bf4e-3559d3178c84</uuid>
							</uuid>
							<written_to_dss>1</written_to_dss>
							<size>10485760</size>
						</item>
						<item>
							<uuid>
								<uuid>c7e7f131-1ca7-42d5-89d3-74909b4e3f9d</uuid>
							</uuid>
							<written_to_dss>1</written_to_dss>
							<size>10485760</size>
						</item>
						<item>
							<uuid>
								<uuid>1ac20707-f4fa-484d-b1de-0b823f11d9ab</uuid>
							</uuid>
							<written_to_dss>1</written_to_dss>
							<size>0</size>
						</item>
					</tlogs>
				</tlogs>
				<num>0</num>
				<name>A</name>
				<scrubbed>0</scrubbed>
				<date>Wed May 27 17:00:47 2015
</date>
				<snapshot-uuid>
					<uuid>d62e84fd-6699-487f-80db-cd957c03e9f1</uuid>
				</snapshot-uuid>
				<cork_uuid>
					<uuid>1ac20707-f4fa-484d-b1de-0b823f11d9ab</uuid>
				</cork_uuid>
				<metadata>
					<count>0</count>
					<item_version>0</item_version>
				</metadata>
			</item>
			<item>
				<tlogs>
					<tlogs>
						<count>1</count>
						<item_version>1</item_version>
						<item>
							<uuid>
								<uuid>c0613cd0-f9e2-4c4c-ab2b-64f619f49b41</uuid>
							</uuid>
							<written_to_dss>1</written_to_dss>
							<size>10485760</size>
						</item>
					</tlogs>
				</tlogs>
				<num>1</num>
				<name>B</name>
				<scrubbed>0</scrubbed>
				<date>Wed May 27 17:01:04 2015
</date>
				<snapshot-uuid>
					<uuid>c231bbe5-95fc-49d0-a9e5-de1e02293d2b</uuid>
				</snapshot-uuid>
				<cork_uuid>
					<uuid>c0613cd0-f9e2-4c4c-ab2b-64f619f49b41</uuid>
				</cork_uuid>
				<metadata>
					<count>0</count>
					<item_version>0</item_version>
				</metadata>
			</item>
			<item>
				<tlogs>
					<tlogs>
						<count>1</count>
						<item_version>1</item_version>
						<item>
							<uuid>
								<uuid>53559cd9-49b2-441e-a37c-cd5188aba34e</uuid>
							</uuid>
							<written_to_dss>1</written_to_dss>
							<size>10485760</size>
						</item>
					</tlogs>
				</tlogs>
				<num>2</num>
				<name>C</name>
				<scrubbed>0</scrubbed>
				<date>Wed May 27 17:01:09 2015
</date>
				<snapshot-uuid>
					<uuid>3bcbca8b-6ee6-44ad-8f30-267fbfb087fe</uuid>
				</snapshot-uuid>
				<cork_uuid>
					<uuid>53559cd9-49b2-441e-a37c-cd5188aba34e</uuid>
				</cork_uuid>
				<metadata>
					<count>0</count>
					<item_version>0</item_version>
				</metadata>
			</item>
		</snapshots>
	</snapshots>
	<scrub_id class_id="10" tracking_level="0" version="0">
		<ScrubId>
			<uuid>4c686ebc-bc2e-4b46-90bd-9cfd24d4b7f3</uuid>
		</ScrubId>
	</scrub_id>
</snapshots>
</boost_serialization>
